<?xml version="1.0" encoding="UTF-8"?>
<testng-results ignored="0" total="1" passed="1" failed="0" skipped="0">
  <reporter-output>
  </reporter-output>
  <suite started-at="2022-09-16T09:57:06 IST" name="Default suite" finished-at="2022-09-16T09:57:06 IST" duration-ms="49">
    <groups>
    </groups>
    <test started-at="2022-09-16T09:57:06 IST" name="Default test" finished-at="2022-09-16T09:57:06 IST" duration-ms="49">
      <class name="vtiger.Practice.ReadDataFromCmdLineTest">
        <test-method signature="readData()[pri:0, instance:vtiger.Practice.ReadDataFromCmdLineTest@44821a96]" started-at="2022-09-16T09:57:06 IST" name="readData" finished-at="2022-09-16T09:57:06 IST" duration-ms="10" status="PASS">
          <reporter-output>
          </reporter-output>
        </test-method> <!-- readData -->
      </class> <!-- vtiger.Practice.ReadDataFromCmdLineTest -->
    </test> <!-- Default test -->
  </suite> <!-- Default suite -->
</testng-results>
